2018-11-09 09:06:10     INFO: input_handler() detected filepath './data/sub_*.tsv'
2018-11-09 09:06:10     INFO: input_handler() returning ndarray with 10 trial(s) and 10000 datapoints
2018-11-09 09:06:10     INFO: coefficients() with 'trialseparated' method for 10 trials of length 10000
2018-11-09 09:06:10     INFO: 1/2000 time steps
2018-11-09 09:06:10     INFO: 101/2000 time steps
2018-11-09 09:06:10     INFO: 201/2000 time steps
2018-11-09 09:06:10     INFO: 301/2000 time steps
2018-11-09 09:06:10     INFO: 401/2000 time steps
2018-11-09 09:06:10     INFO: 501/2000 time steps
2018-11-09 09:06:10     INFO: 601/2000 time steps
2018-11-09 09:06:10     INFO: 701/2000 time steps
2018-11-09 09:06:11     INFO: 801/2000 time steps
2018-11-09 09:06:11     INFO: 901/2000 time steps
2018-11-09 09:06:11     INFO: 1001/2000 time steps
2018-11-09 09:06:11     INFO: 1101/2000 time steps
2018-11-09 09:06:11     INFO: 1201/2000 time steps
2018-11-09 09:06:11     INFO: 1301/2000 time steps
2018-11-09 09:06:11     INFO: 1401/2000 time steps
2018-11-09 09:06:11     INFO: 1501/2000 time steps
2018-11-09 09:06:11     INFO: 1601/2000 time steps
2018-11-09 09:06:11     INFO: 1701/2000 time steps
2018-11-09 09:06:11     INFO: 1801/2000 time steps
2018-11-09 09:06:11     INFO: 1901/2000 time steps
2018-11-09 09:06:11     INFO: 2000 time steps done
2018-11-09 09:06:11     INFO: Bootstrapping 250 replicas
2018-11-09 09:06:11     INFO: 1/250 replicas
2018-11-09 09:06:11     INFO: 11/250 replicas
2018-11-09 09:06:11     INFO: 21/250 replicas
2018-11-09 09:06:11     INFO: 31/250 replicas
2018-11-09 09:06:11     INFO: 41/250 replicas
2018-11-09 09:06:11     INFO: 51/250 replicas
2018-11-09 09:06:11     INFO: 61/250 replicas
2018-11-09 09:06:11     INFO: 71/250 replicas
2018-11-09 09:06:11     INFO: 81/250 replicas
2018-11-09 09:06:11     INFO: 91/250 replicas
2018-11-09 09:06:11     INFO: 101/250 replicas
2018-11-09 09:06:11     INFO: 111/250 replicas
2018-11-09 09:06:11     INFO: 121/250 replicas
2018-11-09 09:06:11     INFO: 131/250 replicas
2018-11-09 09:06:11     INFO: 141/250 replicas
2018-11-09 09:06:11     INFO: 151/250 replicas
2018-11-09 09:06:11     INFO: 161/250 replicas
2018-11-09 09:06:11     INFO: 171/250 replicas
2018-11-09 09:06:11     INFO: 181/250 replicas
2018-11-09 09:06:11     INFO: 191/250 replicas
2018-11-09 09:06:11     INFO: 201/250 replicas
2018-11-09 09:06:11     INFO: 211/250 replicas
2018-11-09 09:06:11     INFO: 221/250 replicas
2018-11-09 09:06:11     INFO: 231/250 replicas
2018-11-09 09:06:11     INFO: 241/250 replicas
2018-11-09 09:06:11     INFO: 250 bootstrap replicas done
2018-11-09 09:06:11     INFO: Unbound fit to $|A| e^{-k/\tau}$
2018-11-09 09:06:11     INFO: 1/4 fits
2018-11-09 09:06:11     INFO: 2/4 fits
2018-11-09 09:06:11     INFO: 3/4 fits
2018-11-09 09:06:11     INFO: 4/4 fits
2018-11-09 09:06:11     INFO: Finished 4 fit(s)
2018-11-09 09:06:11     INFO: Bootstrapping 250 replicas (4 fits each)
2018-11-09 09:06:11     INFO: 1/250 replicas
2018-11-09 09:06:11     INFO: 2/250 replicas
2018-11-09 09:06:11     INFO: 3/250 replicas
2018-11-09 09:06:11     INFO: 4/250 replicas
2018-11-09 09:06:11     INFO: 5/250 replicas
2018-11-09 09:06:11     INFO: 6/250 replicas
2018-11-09 09:06:11     INFO: 7/250 replicas
2018-11-09 09:06:11     INFO: 8/250 replicas
2018-11-09 09:06:11     INFO: 9/250 replicas
2018-11-09 09:06:11     INFO: 10/250 replicas
2018-11-09 09:06:11     INFO: 11/250 replicas
2018-11-09 09:06:11     INFO: 12/250 replicas
2018-11-09 09:06:11     INFO: 13/250 replicas
2018-11-09 09:06:11     INFO: 14/250 replicas
2018-11-09 09:06:11     INFO: 15/250 replicas
2018-11-09 09:06:11     INFO: 16/250 replicas
2018-11-09 09:06:11     INFO: 17/250 replicas
2018-11-09 09:06:11     INFO: 18/250 replicas
2018-11-09 09:06:11     INFO: 19/250 replicas
2018-11-09 09:06:11     INFO: 20/250 replicas
2018-11-09 09:06:11     INFO: 21/250 replicas
2018-11-09 09:06:11     INFO: 22/250 replicas
2018-11-09 09:06:11     INFO: 23/250 replicas
2018-11-09 09:06:11     INFO: 24/250 replicas
2018-11-09 09:06:11     INFO: 25/250 replicas
2018-11-09 09:06:11     INFO: 26/250 replicas
2018-11-09 09:06:11     INFO: 27/250 replicas
2018-11-09 09:06:11     INFO: 28/250 replicas
2018-11-09 09:06:11     INFO: 29/250 replicas
2018-11-09 09:06:11     INFO: 30/250 replicas
2018-11-09 09:06:11     INFO: 31/250 replicas
2018-11-09 09:06:11     INFO: 32/250 replicas
2018-11-09 09:06:11     INFO: 33/250 replicas
2018-11-09 09:06:11     INFO: 34/250 replicas
2018-11-09 09:06:11     INFO: 35/250 replicas
2018-11-09 09:06:11     INFO: 36/250 replicas
2018-11-09 09:06:11     INFO: 37/250 replicas
2018-11-09 09:06:11     INFO: 38/250 replicas
2018-11-09 09:06:11     INFO: 39/250 replicas
2018-11-09 09:06:11     INFO: 40/250 replicas
2018-11-09 09:06:11     INFO: 41/250 replicas
2018-11-09 09:06:11     INFO: 42/250 replicas
2018-11-09 09:06:11     INFO: 43/250 replicas
2018-11-09 09:06:11     INFO: 44/250 replicas
2018-11-09 09:06:11     INFO: 45/250 replicas
2018-11-09 09:06:11     INFO: 46/250 replicas
2018-11-09 09:06:11     INFO: 47/250 replicas
2018-11-09 09:06:11     INFO: 48/250 replicas
2018-11-09 09:06:11     INFO: 49/250 replicas
2018-11-09 09:06:11     INFO: 50/250 replicas
2018-11-09 09:06:11     INFO: 51/250 replicas
2018-11-09 09:06:11     INFO: 52/250 replicas
2018-11-09 09:06:11     INFO: 53/250 replicas
2018-11-09 09:06:11     INFO: 54/250 replicas
2018-11-09 09:06:11     INFO: 55/250 replicas
2018-11-09 09:06:11     INFO: 56/250 replicas
2018-11-09 09:06:11     INFO: 57/250 replicas
2018-11-09 09:06:11     INFO: 58/250 replicas
2018-11-09 09:06:11     INFO: 59/250 replicas
2018-11-09 09:06:12     INFO: 60/250 replicas
2018-11-09 09:06:12     INFO: 61/250 replicas
2018-11-09 09:06:12     INFO: 62/250 replicas
2018-11-09 09:06:12     INFO: 63/250 replicas
2018-11-09 09:06:12     INFO: 64/250 replicas
2018-11-09 09:06:12     INFO: 65/250 replicas
2018-11-09 09:06:12     INFO: 66/250 replicas
2018-11-09 09:06:12     INFO: 67/250 replicas
2018-11-09 09:06:12     INFO: 68/250 replicas
2018-11-09 09:06:12     INFO: 69/250 replicas
2018-11-09 09:06:12     INFO: 70/250 replicas
2018-11-09 09:06:12     INFO: 71/250 replicas
2018-11-09 09:06:12     INFO: 72/250 replicas
2018-11-09 09:06:12     INFO: 73/250 replicas
2018-11-09 09:06:12     INFO: 74/250 replicas
2018-11-09 09:06:12     INFO: 75/250 replicas
2018-11-09 09:06:12     INFO: 76/250 replicas
2018-11-09 09:06:12     INFO: 77/250 replicas
2018-11-09 09:06:12     INFO: 78/250 replicas
2018-11-09 09:06:12     INFO: 79/250 replicas
2018-11-09 09:06:12     INFO: 80/250 replicas
2018-11-09 09:06:12     INFO: 81/250 replicas
2018-11-09 09:06:12     INFO: 82/250 replicas
2018-11-09 09:06:12     INFO: 83/250 replicas
2018-11-09 09:06:12     INFO: 84/250 replicas
2018-11-09 09:06:12     INFO: 85/250 replicas
2018-11-09 09:06:12     INFO: 86/250 replicas
2018-11-09 09:06:12     INFO: 87/250 replicas
2018-11-09 09:06:12     INFO: 88/250 replicas
2018-11-09 09:06:12     INFO: 89/250 replicas
2018-11-09 09:06:12     INFO: 90/250 replicas
2018-11-09 09:06:12     INFO: 91/250 replicas
2018-11-09 09:06:12     INFO: 92/250 replicas
2018-11-09 09:06:12     INFO: 93/250 replicas
2018-11-09 09:06:12     INFO: 94/250 replicas
2018-11-09 09:06:12     INFO: 95/250 replicas
2018-11-09 09:06:12     INFO: 96/250 replicas
2018-11-09 09:06:12     INFO: 97/250 replicas
2018-11-09 09:06:12     INFO: 98/250 replicas
2018-11-09 09:06:12     INFO: 99/250 replicas
2018-11-09 09:06:12     INFO: 100/250 replicas
2018-11-09 09:06:12     INFO: 101/250 replicas
2018-11-09 09:06:12     INFO: 102/250 replicas
2018-11-09 09:06:12     INFO: 103/250 replicas
2018-11-09 09:06:12     INFO: 104/250 replicas
2018-11-09 09:06:12     INFO: 105/250 replicas
2018-11-09 09:06:12     INFO: 106/250 replicas
2018-11-09 09:06:12     INFO: 107/250 replicas
2018-11-09 09:06:12     INFO: 108/250 replicas
2018-11-09 09:06:12     INFO: 109/250 replicas
2018-11-09 09:06:12     INFO: 110/250 replicas
2018-11-09 09:06:12     INFO: 111/250 replicas
2018-11-09 09:06:12     INFO: 112/250 replicas
2018-11-09 09:06:12     INFO: 113/250 replicas
2018-11-09 09:06:12     INFO: 114/250 replicas
2018-11-09 09:06:12     INFO: 115/250 replicas
2018-11-09 09:06:12     INFO: 116/250 replicas
2018-11-09 09:06:12     INFO: 117/250 replicas
2018-11-09 09:06:12     INFO: 118/250 replicas
2018-11-09 09:06:12     INFO: 119/250 replicas
2018-11-09 09:06:12     INFO: 120/250 replicas
2018-11-09 09:06:12     INFO: 121/250 replicas
2018-11-09 09:06:12     INFO: 122/250 replicas
2018-11-09 09:06:12     INFO: 123/250 replicas
2018-11-09 09:06:12     INFO: 124/250 replicas
2018-11-09 09:06:12     INFO: 125/250 replicas
2018-11-09 09:06:12     INFO: 126/250 replicas
2018-11-09 09:06:12     INFO: 127/250 replicas
2018-11-09 09:06:12     INFO: 128/250 replicas
2018-11-09 09:06:12     INFO: 129/250 replicas
2018-11-09 09:06:12     INFO: 130/250 replicas
2018-11-09 09:06:12     INFO: 131/250 replicas
2018-11-09 09:06:12     INFO: 132/250 replicas
2018-11-09 09:06:12     INFO: 133/250 replicas
2018-11-09 09:06:12     INFO: 134/250 replicas
2018-11-09 09:06:12     INFO: 135/250 replicas
2018-11-09 09:06:12     INFO: 136/250 replicas
2018-11-09 09:06:12     INFO: 137/250 replicas
2018-11-09 09:06:12     INFO: 138/250 replicas
2018-11-09 09:06:12     INFO: 139/250 replicas
2018-11-09 09:06:12     INFO: 140/250 replicas
2018-11-09 09:06:12     INFO: 141/250 replicas
2018-11-09 09:06:12     INFO: 142/250 replicas
2018-11-09 09:06:12     INFO: 143/250 replicas
2018-11-09 09:06:12     INFO: 144/250 replicas
2018-11-09 09:06:12     INFO: 145/250 replicas
2018-11-09 09:06:12     INFO: 146/250 replicas
2018-11-09 09:06:12     INFO: 147/250 replicas
2018-11-09 09:06:12     INFO: 148/250 replicas
2018-11-09 09:06:12     INFO: 149/250 replicas
2018-11-09 09:06:12     INFO: 150/250 replicas
2018-11-09 09:06:12     INFO: 151/250 replicas
2018-11-09 09:06:12     INFO: 152/250 replicas
2018-11-09 09:06:12     INFO: 153/250 replicas
2018-11-09 09:06:12     INFO: 154/250 replicas
2018-11-09 09:06:12     INFO: 155/250 replicas
2018-11-09 09:06:12     INFO: 156/250 replicas
2018-11-09 09:06:12     INFO: 157/250 replicas
2018-11-09 09:06:12     INFO: 158/250 replicas
2018-11-09 09:06:12     INFO: 159/250 replicas
2018-11-09 09:06:12     INFO: 160/250 replicas
2018-11-09 09:06:12     INFO: 161/250 replicas
2018-11-09 09:06:12     INFO: 162/250 replicas
2018-11-09 09:06:12     INFO: 163/250 replicas
2018-11-09 09:06:12     INFO: 164/250 replicas
2018-11-09 09:06:12     INFO: 165/250 replicas
2018-11-09 09:06:12     INFO: 166/250 replicas
2018-11-09 09:06:12     INFO: 167/250 replicas
2018-11-09 09:06:12     INFO: 168/250 replicas
2018-11-09 09:06:12     INFO: 169/250 replicas
2018-11-09 09:06:12     INFO: 170/250 replicas
2018-11-09 09:06:12     INFO: 171/250 replicas
2018-11-09 09:06:12     INFO: 172/250 replicas
2018-11-09 09:06:12     INFO: 173/250 replicas
2018-11-09 09:06:12     INFO: 174/250 replicas
2018-11-09 09:06:12     INFO: 175/250 replicas
2018-11-09 09:06:12     INFO: 176/250 replicas
2018-11-09 09:06:12     INFO: 177/250 replicas
2018-11-09 09:06:12     INFO: 178/250 replicas
2018-11-09 09:06:12     INFO: 179/250 replicas
2018-11-09 09:06:12     INFO: 180/250 replicas
2018-11-09 09:06:12     INFO: 181/250 replicas
2018-11-09 09:06:12     INFO: 182/250 replicas
2018-11-09 09:06:12     INFO: 183/250 replicas
2018-11-09 09:06:12     INFO: 184/250 replicas
2018-11-09 09:06:12     INFO: 185/250 replicas
2018-11-09 09:06:12     INFO: 186/250 replicas
2018-11-09 09:06:12     INFO: 187/250 replicas
2018-11-09 09:06:12     INFO: 188/250 replicas
2018-11-09 09:06:12     INFO: 189/250 replicas
2018-11-09 09:06:12     INFO: 190/250 replicas
2018-11-09 09:06:12     INFO: 191/250 replicas
2018-11-09 09:06:12     INFO: 192/250 replicas
2018-11-09 09:06:12     INFO: 193/250 replicas
2018-11-09 09:06:12     INFO: 194/250 replicas
2018-11-09 09:06:12     INFO: 195/250 replicas
2018-11-09 09:06:12     INFO: 196/250 replicas
2018-11-09 09:06:12     INFO: 197/250 replicas
2018-11-09 09:06:12     INFO: 198/250 replicas
2018-11-09 09:06:12     INFO: 199/250 replicas
2018-11-09 09:06:12     INFO: 200/250 replicas
2018-11-09 09:06:12     INFO: 201/250 replicas
2018-11-09 09:06:12     INFO: 202/250 replicas
2018-11-09 09:06:12     INFO: 203/250 replicas
2018-11-09 09:06:12     INFO: 204/250 replicas
2018-11-09 09:06:12     INFO: 205/250 replicas
2018-11-09 09:06:12     INFO: 206/250 replicas
2018-11-09 09:06:12     INFO: 207/250 replicas
2018-11-09 09:06:12     INFO: 208/250 replicas
2018-11-09 09:06:12     INFO: 209/250 replicas
2018-11-09 09:06:12     INFO: 210/250 replicas
2018-11-09 09:06:12     INFO: 211/250 replicas
2018-11-09 09:06:12     INFO: 212/250 replicas
2018-11-09 09:06:12     INFO: 213/250 replicas
2018-11-09 09:06:12     INFO: 214/250 replicas
2018-11-09 09:06:12     INFO: 215/250 replicas
2018-11-09 09:06:12     INFO: 216/250 replicas
2018-11-09 09:06:12     INFO: 217/250 replicas
2018-11-09 09:06:12     INFO: 218/250 replicas
2018-11-09 09:06:12     INFO: 219/250 replicas
2018-11-09 09:06:12     INFO: 220/250 replicas
2018-11-09 09:06:12     INFO: 221/250 replicas
2018-11-09 09:06:12     INFO: 222/250 replicas
2018-11-09 09:06:12     INFO: 223/250 replicas
2018-11-09 09:06:12     INFO: 224/250 replicas
2018-11-09 09:06:12     INFO: 225/250 replicas
2018-11-09 09:06:12     INFO: 226/250 replicas
2018-11-09 09:06:12     INFO: 227/250 replicas
2018-11-09 09:06:12     INFO: 228/250 replicas
2018-11-09 09:06:12     INFO: 229/250 replicas
2018-11-09 09:06:12     INFO: 230/250 replicas
2018-11-09 09:06:12     INFO: 231/250 replicas
2018-11-09 09:06:12     INFO: 232/250 replicas
2018-11-09 09:06:12     INFO: 233/250 replicas
2018-11-09 09:06:12     INFO: 234/250 replicas
2018-11-09 09:06:12     INFO: 235/250 replicas
2018-11-09 09:06:12     INFO: 236/250 replicas
2018-11-09 09:06:12     INFO: 237/250 replicas
2018-11-09 09:06:12     INFO: 238/250 replicas
2018-11-09 09:06:12     INFO: 239/250 replicas
2018-11-09 09:06:12     INFO: 240/250 replicas
2018-11-09 09:06:12     INFO: 241/250 replicas
2018-11-09 09:06:12     INFO: 242/250 replicas
2018-11-09 09:06:12     INFO: 243/250 replicas
2018-11-09 09:06:12     INFO: 244/250 replicas
2018-11-09 09:06:12     INFO: 245/250 replicas
2018-11-09 09:06:12     INFO: 246/250 replicas
2018-11-09 09:06:12     INFO: 247/250 replicas
2018-11-09 09:06:12     INFO: 248/250 replicas
2018-11-09 09:06:12     INFO: 249/250 replicas
2018-11-09 09:06:12     INFO: 250/250 replicas
2018-11-09 09:06:12     INFO: 250 Bootstrap replicas done
2018-11-09 09:06:12     INFO: Finished fitting the data to f_exponential, mre = 0.99400(42), tau = 664.47(45.08)ms, ssres = 3.23520
2018-11-09 09:06:12     INFO: Unbound fit to $|A| e^{-k/\tau} + O$
2018-11-09 09:06:12     INFO: 1/4 fits
2018-11-09 09:06:12     INFO: 2/4 fits
2018-11-09 09:06:12     INFO: 3/4 fits
2018-11-09 09:06:12     INFO: 4/4 fits
2018-11-09 09:06:12     INFO: Finished 4 fit(s)
2018-11-09 09:06:12     INFO: Bootstrapping 250 replicas (4 fits each)
2018-11-09 09:06:12     INFO: 1/250 replicas
2018-11-09 09:06:12     INFO: 2/250 replicas
2018-11-09 09:06:12     INFO: 3/250 replicas
2018-11-09 09:06:12     INFO: 4/250 replicas
2018-11-09 09:06:12     INFO: 5/250 replicas
2018-11-09 09:06:12     INFO: 6/250 replicas
2018-11-09 09:06:12     INFO: 7/250 replicas
2018-11-09 09:06:12     INFO: 8/250 replicas
2018-11-09 09:06:13     INFO: 9/250 replicas
2018-11-09 09:06:13     INFO: 10/250 replicas
2018-11-09 09:06:13     INFO: 11/250 replicas
2018-11-09 09:06:13     INFO: 12/250 replicas
2018-11-09 09:06:13     INFO: 13/250 replicas
2018-11-09 09:06:13     INFO: 14/250 replicas
2018-11-09 09:06:13     INFO: 15/250 replicas
2018-11-09 09:06:13     INFO: 16/250 replicas
2018-11-09 09:06:13     INFO: 17/250 replicas
2018-11-09 09:06:13     INFO: 18/250 replicas
2018-11-09 09:06:13     INFO: 19/250 replicas
2018-11-09 09:06:13     INFO: 20/250 replicas
2018-11-09 09:06:13     INFO: 21/250 replicas
2018-11-09 09:06:13     INFO: 22/250 replicas
2018-11-09 09:06:13     INFO: 23/250 replicas
2018-11-09 09:06:13     INFO: 24/250 replicas
2018-11-09 09:06:13     INFO: 25/250 replicas
2018-11-09 09:06:13     INFO: 26/250 replicas
2018-11-09 09:06:13     INFO: 27/250 replicas
2018-11-09 09:06:13     INFO: 28/250 replicas
2018-11-09 09:06:13     INFO: 29/250 replicas
2018-11-09 09:06:13     INFO: 30/250 replicas
2018-11-09 09:06:13     INFO: 31/250 replicas
2018-11-09 09:06:13     INFO: 32/250 replicas
2018-11-09 09:06:13     INFO: 33/250 replicas
2018-11-09 09:06:13     INFO: 34/250 replicas
2018-11-09 09:06:13     INFO: 35/250 replicas
2018-11-09 09:06:13     INFO: 36/250 replicas
2018-11-09 09:06:13     INFO: 37/250 replicas
2018-11-09 09:06:13     INFO: 38/250 replicas
2018-11-09 09:06:13     INFO: 39/250 replicas
2018-11-09 09:06:13     INFO: 40/250 replicas
2018-11-09 09:06:13     INFO: 41/250 replicas
2018-11-09 09:06:13     INFO: 42/250 replicas
2018-11-09 09:06:13     INFO: 43/250 replicas
2018-11-09 09:06:13     INFO: 44/250 replicas
2018-11-09 09:06:13     INFO: 45/250 replicas
2018-11-09 09:06:13     INFO: 46/250 replicas
2018-11-09 09:06:13     INFO: 47/250 replicas
2018-11-09 09:06:13     INFO: 48/250 replicas
2018-11-09 09:06:13     INFO: 49/250 replicas
2018-11-09 09:06:13     INFO: 50/250 replicas
2018-11-09 09:06:13     INFO: 51/250 replicas
2018-11-09 09:06:13     INFO: 52/250 replicas
2018-11-09 09:06:13     INFO: 53/250 replicas
2018-11-09 09:06:13     INFO: 54/250 replicas
2018-11-09 09:06:13     INFO: 55/250 replicas
2018-11-09 09:06:13     INFO: 56/250 replicas
2018-11-09 09:06:13     INFO: 57/250 replicas
2018-11-09 09:06:13     INFO: 58/250 replicas
2018-11-09 09:06:13     INFO: 59/250 replicas
2018-11-09 09:06:13     INFO: 60/250 replicas
2018-11-09 09:06:13     INFO: 61/250 replicas
2018-11-09 09:06:13     INFO: 62/250 replicas
2018-11-09 09:06:13     INFO: 63/250 replicas
2018-11-09 09:06:13     INFO: 64/250 replicas
2018-11-09 09:06:13     INFO: 65/250 replicas
2018-11-09 09:06:13     INFO: 66/250 replicas
2018-11-09 09:06:13     INFO: 67/250 replicas
2018-11-09 09:06:13     INFO: 68/250 replicas
2018-11-09 09:06:13     INFO: 69/250 replicas
2018-11-09 09:06:13     INFO: 70/250 replicas
2018-11-09 09:06:13     INFO: 71/250 replicas
2018-11-09 09:06:13     INFO: 72/250 replicas
2018-11-09 09:06:13     INFO: 73/250 replicas
2018-11-09 09:06:13     INFO: 74/250 replicas
2018-11-09 09:06:13     INFO: 75/250 replicas
2018-11-09 09:06:13     INFO: 76/250 replicas
2018-11-09 09:06:13     INFO: 77/250 replicas
2018-11-09 09:06:13     INFO: 78/250 replicas
2018-11-09 09:06:13     INFO: 79/250 replicas
2018-11-09 09:06:13     INFO: 80/250 replicas
2018-11-09 09:06:13     INFO: 81/250 replicas
2018-11-09 09:06:13     INFO: 82/250 replicas
2018-11-09 09:06:13     INFO: 83/250 replicas
2018-11-09 09:06:13     INFO: 84/250 replicas
2018-11-09 09:06:13     INFO: 85/250 replicas
2018-11-09 09:06:13     INFO: 86/250 replicas
2018-11-09 09:06:13     INFO: 87/250 replicas
2018-11-09 09:06:13     INFO: 88/250 replicas
2018-11-09 09:06:13     INFO: 89/250 replicas
2018-11-09 09:06:13     INFO: 90/250 replicas
2018-11-09 09:06:13     INFO: 91/250 replicas
2018-11-09 09:06:13     INFO: 92/250 replicas
2018-11-09 09:06:13     INFO: 93/250 replicas
2018-11-09 09:06:13     INFO: 94/250 replicas
2018-11-09 09:06:13     INFO: 95/250 replicas
2018-11-09 09:06:13     INFO: 96/250 replicas
2018-11-09 09:06:13     INFO: 97/250 replicas
2018-11-09 09:06:13     INFO: 98/250 replicas
2018-11-09 09:06:13     INFO: 99/250 replicas
2018-11-09 09:06:13     INFO: 100/250 replicas
2018-11-09 09:06:13     INFO: 101/250 replicas
2018-11-09 09:06:13     INFO: 102/250 replicas
2018-11-09 09:06:13     INFO: 103/250 replicas
2018-11-09 09:06:13     INFO: 104/250 replicas
2018-11-09 09:06:13     INFO: 105/250 replicas
2018-11-09 09:06:13     INFO: 106/250 replicas
2018-11-09 09:06:13     INFO: 107/250 replicas
2018-11-09 09:06:13     INFO: 108/250 replicas
2018-11-09 09:06:13     INFO: 109/250 replicas
2018-11-09 09:06:13     INFO: 110/250 replicas
2018-11-09 09:06:13     INFO: 111/250 replicas
2018-11-09 09:06:13     INFO: 112/250 replicas
2018-11-09 09:06:13     INFO: 113/250 replicas
2018-11-09 09:06:13     INFO: 114/250 replicas
2018-11-09 09:06:13     INFO: 115/250 replicas
2018-11-09 09:06:13     INFO: 116/250 replicas
2018-11-09 09:06:13     INFO: 117/250 replicas
2018-11-09 09:06:13     INFO: 118/250 replicas
2018-11-09 09:06:13     INFO: 119/250 replicas
2018-11-09 09:06:13     INFO: 120/250 replicas
2018-11-09 09:06:13     INFO: 121/250 replicas
2018-11-09 09:06:13     INFO: 122/250 replicas
2018-11-09 09:06:13     INFO: 123/250 replicas
2018-11-09 09:06:13     INFO: 124/250 replicas
2018-11-09 09:06:13     INFO: 125/250 replicas
2018-11-09 09:06:13     INFO: 126/250 replicas
2018-11-09 09:06:13     INFO: 127/250 replicas
2018-11-09 09:06:13     INFO: 128/250 replicas
2018-11-09 09:06:13     INFO: 129/250 replicas
2018-11-09 09:06:13     INFO: 130/250 replicas
2018-11-09 09:06:13     INFO: 131/250 replicas
2018-11-09 09:06:13     INFO: 132/250 replicas
2018-11-09 09:06:13     INFO: 133/250 replicas
2018-11-09 09:06:13     INFO: 134/250 replicas
2018-11-09 09:06:13     INFO: 135/250 replicas
2018-11-09 09:06:13     INFO: 136/250 replicas
2018-11-09 09:06:13     INFO: 137/250 replicas
2018-11-09 09:06:13     INFO: 138/250 replicas
2018-11-09 09:06:13     INFO: 139/250 replicas
2018-11-09 09:06:13     INFO: 140/250 replicas
2018-11-09 09:06:13     INFO: 141/250 replicas
2018-11-09 09:06:13     INFO: 142/250 replicas
2018-11-09 09:06:13     INFO: 143/250 replicas
2018-11-09 09:06:13     INFO: 144/250 replicas
2018-11-09 09:06:13     INFO: 145/250 replicas
2018-11-09 09:06:13     INFO: 146/250 replicas
2018-11-09 09:06:13     INFO: 147/250 replicas
2018-11-09 09:06:13     INFO: 148/250 replicas
2018-11-09 09:06:13     INFO: 149/250 replicas
2018-11-09 09:06:13     INFO: 150/250 replicas
2018-11-09 09:06:13     INFO: 151/250 replicas
2018-11-09 09:06:13     INFO: 152/250 replicas
2018-11-09 09:06:13     INFO: 153/250 replicas
2018-11-09 09:06:14     INFO: 154/250 replicas
2018-11-09 09:06:14     INFO: 155/250 replicas
2018-11-09 09:06:14     INFO: 156/250 replicas
2018-11-09 09:06:14     INFO: 157/250 replicas
2018-11-09 09:06:14     INFO: 158/250 replicas
2018-11-09 09:06:14     INFO: 159/250 replicas
2018-11-09 09:06:14     INFO: 160/250 replicas
2018-11-09 09:06:14     INFO: 161/250 replicas
2018-11-09 09:06:14     INFO: 162/250 replicas
2018-11-09 09:06:14     INFO: 163/250 replicas
2018-11-09 09:06:14     INFO: 164/250 replicas
2018-11-09 09:06:14     INFO: 165/250 replicas
2018-11-09 09:06:14     INFO: 166/250 replicas
2018-11-09 09:06:14     INFO: 167/250 replicas
2018-11-09 09:06:14     INFO: 168/250 replicas
2018-11-09 09:06:14     INFO: 169/250 replicas
2018-11-09 09:06:14     INFO: 170/250 replicas
2018-11-09 09:06:14     INFO: 171/250 replicas
2018-11-09 09:06:14     INFO: 172/250 replicas
2018-11-09 09:06:14     INFO: 173/250 replicas
2018-11-09 09:06:14     INFO: 174/250 replicas
2018-11-09 09:06:14     INFO: 175/250 replicas
2018-11-09 09:06:14     INFO: 176/250 replicas
2018-11-09 09:06:14     INFO: 177/250 replicas
2018-11-09 09:06:14     INFO: 178/250 replicas
2018-11-09 09:06:14     INFO: 179/250 replicas
2018-11-09 09:06:14     INFO: 180/250 replicas
2018-11-09 09:06:14     INFO: 181/250 replicas
2018-11-09 09:06:14     INFO: 182/250 replicas
2018-11-09 09:06:14     INFO: 183/250 replicas
2018-11-09 09:06:14     INFO: 184/250 replicas
2018-11-09 09:06:14     INFO: 185/250 replicas
2018-11-09 09:06:14     INFO: 186/250 replicas
2018-11-09 09:06:14     INFO: 187/250 replicas
2018-11-09 09:06:14     INFO: 188/250 replicas
2018-11-09 09:06:14     INFO: 189/250 replicas
2018-11-09 09:06:14     INFO: 190/250 replicas
2018-11-09 09:06:14     INFO: 191/250 replicas
2018-11-09 09:06:14     INFO: 192/250 replicas
2018-11-09 09:06:14     INFO: 193/250 replicas
2018-11-09 09:06:14     INFO: 194/250 replicas
2018-11-09 09:06:14     INFO: 195/250 replicas
2018-11-09 09:06:14     INFO: 196/250 replicas
2018-11-09 09:06:14     INFO: 197/250 replicas
2018-11-09 09:06:14     INFO: 198/250 replicas
2018-11-09 09:06:14     INFO: 199/250 replicas
2018-11-09 09:06:14     INFO: 200/250 replicas
2018-11-09 09:06:14     INFO: 201/250 replicas
2018-11-09 09:06:14     INFO: 202/250 replicas
2018-11-09 09:06:14     INFO: 203/250 replicas
2018-11-09 09:06:14     INFO: 204/250 replicas
2018-11-09 09:06:14     INFO: 205/250 replicas
2018-11-09 09:06:14     INFO: 206/250 replicas
2018-11-09 09:06:14     INFO: 207/250 replicas
2018-11-09 09:06:14     INFO: 208/250 replicas
2018-11-09 09:06:14     INFO: 209/250 replicas
2018-11-09 09:06:14     INFO: 210/250 replicas
2018-11-09 09:06:14     INFO: 211/250 replicas
2018-11-09 09:06:14     INFO: 212/250 replicas
2018-11-09 09:06:14     INFO: 213/250 replicas
2018-11-09 09:06:14     INFO: 214/250 replicas
2018-11-09 09:06:14     INFO: 215/250 replicas
2018-11-09 09:06:14     INFO: 216/250 replicas
2018-11-09 09:06:14     INFO: 217/250 replicas
2018-11-09 09:06:14     INFO: 218/250 replicas
2018-11-09 09:06:14     INFO: 219/250 replicas
2018-11-09 09:06:14     INFO: 220/250 replicas
2018-11-09 09:06:14     INFO: 221/250 replicas
2018-11-09 09:06:14     INFO: 222/250 replicas
2018-11-09 09:06:14     INFO: 223/250 replicas
2018-11-09 09:06:14     INFO: 224/250 replicas
2018-11-09 09:06:14     INFO: 225/250 replicas
2018-11-09 09:06:14     INFO: 226/250 replicas
2018-11-09 09:06:14     INFO: 227/250 replicas
2018-11-09 09:06:14     INFO: 228/250 replicas
2018-11-09 09:06:14     INFO: 229/250 replicas
2018-11-09 09:06:14     INFO: 230/250 replicas
2018-11-09 09:06:14     INFO: 231/250 replicas
2018-11-09 09:06:14     INFO: 232/250 replicas
2018-11-09 09:06:14     INFO: 233/250 replicas
2018-11-09 09:06:14     INFO: 234/250 replicas
2018-11-09 09:06:14     INFO: 235/250 replicas
2018-11-09 09:06:14     INFO: 236/250 replicas
2018-11-09 09:06:14     INFO: 237/250 replicas
2018-11-09 09:06:14     INFO: 238/250 replicas
2018-11-09 09:06:14     INFO: 239/250 replicas
2018-11-09 09:06:14     INFO: 240/250 replicas
2018-11-09 09:06:14     INFO: 241/250 replicas
2018-11-09 09:06:14     INFO: 242/250 replicas
2018-11-09 09:06:14     INFO: 243/250 replicas
2018-11-09 09:06:14     INFO: 244/250 replicas
2018-11-09 09:06:14     INFO: 245/250 replicas
2018-11-09 09:06:14     INFO: 246/250 replicas
2018-11-09 09:06:14     INFO: 247/250 replicas
2018-11-09 09:06:14     INFO: 248/250 replicas
2018-11-09 09:06:14     INFO: 249/250 replicas
2018-11-09 09:06:14     INFO: 250/250 replicas
2018-11-09 09:06:14     INFO: 250 Bootstrap replicas done
2018-11-09 09:06:14     INFO: Finished fitting the data to f_exponential_offset, mre = 0.99506(56), tau = 807.73(90.21)ms, ssres = 0.44789
2018-11-09 09:06:14     INFO: Bounded fit to $|A| e^{-k/\tau} + B e^{-(k/\tau_{osc})^\gamma} \cos(2 \pi \nu k) + C e^{-(k/\tau_{gs})^2} + O$
2018-11-09 09:06:14     INFO: 1/22 fits
2018-11-09 09:06:15     INFO: 2/22 fits
2018-11-09 09:06:15     INFO: 3/22 fits
2018-11-09 09:06:15     INFO: 4/22 fits
2018-11-09 09:06:16     INFO: 5/22 fits
2018-11-09 09:06:16     INFO: 6/22 fits
2018-11-09 09:06:16     INFO: 7/22 fits
2018-11-09 09:06:17     INFO: 8/22 fits
2018-11-09 09:06:17     INFO: 9/22 fits
2018-11-09 09:06:17     INFO: 10/22 fits
2018-11-09 09:06:17     INFO: 11/22 fits
2018-11-09 09:06:17     INFO: 12/22 fits
2018-11-09 09:06:18     INFO: 13/22 fits
2018-11-09 09:06:18     INFO: 14/22 fits
2018-11-09 09:06:19     INFO: 15/22 fits
2018-11-09 09:06:19     INFO: 16/22 fits
2018-11-09 09:06:20     INFO: 17/22 fits
2018-11-09 09:06:20     INFO: 18/22 fits
2018-11-09 09:06:21     INFO: 19/22 fits
2018-11-09 09:06:21     INFO: 20/22 fits
2018-11-09 09:06:22     INFO: 21/22 fits
2018-11-09 09:06:22     INFO: 22/22 fits
2018-11-09 09:06:23     INFO: Finished 22 fit(s)
2018-11-09 09:06:23     INFO: Finished fitting the data to f_complex, mre = 0.99516, tau = 824.16ms, ssres = 0.43023
2018-11-09 09:06:24     INFO: Saving plot to /Users/paul/owncloud/mpi/mre/example/output/Full Analysis.pdf
2018-11-09 09:06:26     INFO: Saving meta to /Users/paul/owncloud/mpi/mre/example/output/Full Analysis.tsv
2018-11-09 09:06:27     INFO: full_analysis() done
